<?xml version="1.0" encoding="UTF-8"?>
<Site BuildName="(empty)"
	BuildStamp="20241129-1104-Experimental"
	Name="(empty)"
	Generator="ctest-3.30.3"
	CompilerName=""
	CompilerVersion=""
	OSName="Windows"
	Hostname="DESKTOP-0MDGV5Q"
	OSRelease=" Professional"
	OSVersion=" (Build 22631)"
	OSPlatform="AMD64"
	Is64Bits="1"
	VendorString="AuthenticAMD"
	VendorID="Advanced Micro Devices"
	FamilyID="15"
	ModelID="1"
	ProcessorCacheSize="64"
	NumberOfLogicalCPU="24"
	NumberOfPhysicalCPU="12"
	TotalVirtualMemory="56468"
	TotalPhysicalMemory="15508"
	LogicalProcessorsPerPhysical="2"
	ProcessorClockFrequency="4691"
	>
	<Testing>
		<StartDateTime>Nov 29 14:08 RTZ 2 ([NON-UTF-8-BYTE-0xE7][NON-UTF-8-BYTE-0xE8][NON-UTF-8-BYTE-0xEC][NON-UTF-8-BYTE-0xE0])</StartDateTime>
		<StartTestTime>1732878526</StartTestTime>
		<TestList>
			<Test>./seven.less</Test>
		</TestList>
		<Test Status="passed">
			<Name>seven.less</Name>
			<Path>.</Path>
			<FullName>./seven.less</FullName>
			<FullCommandLine>C:\labas2\build\googltest.exe "--gtest_filter=seven.less" "--gtest_also_run_disabled_tests"</FullCommandLine>
			<Results>
				<NamedMeasurement type="numeric/double" name="Execution Time">
					<Value>0.0049917</Value>
				</NamedMeasurement>
				<NamedMeasurement type="numeric/double" name="Processors">
					<Value>1</Value>
				</NamedMeasurement>
				<NamedMeasurement type="text/string" name="Completion Status">
					<Value>Completed</Value>
				</NamedMeasurement>
				<NamedMeasurement type="text/string" name="Command Line">
					<Value>C:\labas2\build\googltest.exe "--gtest_filter=seven.less" "--gtest_also_run_disabled_tests"</Value>
				</NamedMeasurement>
				<NamedMeasurement type="text/string" name="Environment">
					<Value>#CTEST_RESOURCE_GROUP_COUNT=</Value>
				</NamedMeasurement>
				<Measurement>
					<Value encoding="base64" compression="gzip">eJyNkE1rwzAMhu/+FTo2h5htx0IPYxs9DLqRbqc4FCdRg8GRi6V0f3+JU0ozGJtO+nh49UrFQOSog946WmVwjKGHp7Xxtrb8YOrB+dYcWjyx6ULoPAqy5Bybm9KkcsoOk4puGrULgmvYJgQ+xgkcnReMsAHGM5L2yKzKzTUqKC5G7kESPxm55Dw4Qa3K/BoVbH2orZ/nSGcXA/VII4uSD6cf8K1m2q9KKD53kKJaWJp78Pa66MPqDnrO/lCdKZAg1mfqf34Fbczb8EXLb/z2BYiW9HLPaPn9cb9/eZ5OmVmtvgHlN5U9====</Value>
				</Measurement>
			</Results>
		</Test>
		<EndDateTime>Nov 29 14:08 RTZ 2 ([NON-UTF-8-BYTE-0xE7][NON-UTF-8-BYTE-0xE8][NON-UTF-8-BYTE-0xEC][NON-UTF-8-BYTE-0xE0])</EndDateTime>
		<EndTestTime>1732878526</EndTestTime>
		<ElapsedMinutes>0</ElapsedMinutes>
	</Testing>
</Site>
