Start testing: Oct 04 08:47 RTZ 2 (çèìà)
----------------------------------------------------------
5/5 Testing: seven.less
5/5 Test: seven.less
Command: "C:/labas2/build/googltest.exe" "--gtest_filter=seven.less" "--gtest_also_run_disabled_tests"
Directory: C:/labas2/build
"seven.less" start time: Oct 04 08:47 RTZ 2 (çèìà)
Output:
----------------------------------------------------------
Running main() from C:\labas2\build\_deps\googletest-src\googletest\src\gtest_main.cc
Note: Google Test filter = seven.less
[==========] Running 1 test from 1 test suite.
[----------] Global test environment set-up.
[----------] 1 test from seven
[ RUN      ] seven.less
[       OK ] seven.less (0 ms)
[----------] 1 test from seven (0 ms total)

[----------] Global test environment tear-down
[==========] 1 test from 1 test suite ran. (0 ms total)
[  PASSED  ] 1 test.
<end of output>
Test time =   0.01 sec
----------------------------------------------------------
Test Passed.
"seven.less" end time: Oct 04 08:47 RTZ 2 (çèìà)
"seven.less" time elapsed: 00:00:00
----------------------------------------------------------

End testing: Oct 04 08:47 RTZ 2 (çèìà)
